[INFO](1567999071.7829480)Initializing...
[INFO](1567999071.7839482)├─ Fixing Path...
[INFO](1567999071.7839482)├─ Checking Program Integrity...
[INFO](1567999071.7839482)├─ Loading Engine Configuration...
[INFO](1567999071.7849431)│  ├─ Loading [config/config.ini]...
[INFO](1567999071.7869380)├─ Registering Native API...
[INFO](1567999071.7869380)│  ├─ Registering [add]...
[INFO](1567999071.7869380)│  ├─ Registering [append_gui]...
[INFO](1567999071.7869380)│  ├─ Registering [b]...
[INFO](1567999071.7879353)│  ├─ Registering [back]...
[INFO](1567999071.7879353)│  ├─ Registering [chart]...
[INFO](1567999071.7879353)│  ├─ Registering [clear]...
[INFO](1567999071.7879353)│  ├─ Registering [clear_gui]...
[INFO](1567999071.7889326)│  ├─ Registering [connect]...
[INFO](1567999071.7889326)│  ├─ Registering [critical]...
[INFO](1567999071.7889326)│  ├─ Registering [debug]...
[INFO](1567999071.7889326)│  ├─ Registering [divider]...
[INFO](1567999071.7889326)│  ├─ Registering [dot2path]...
[INFO](1567999071.7889326)│  ├─ Registering [dropdown]...
[INFO](1567999071.7899296)│  ├─ Registering [error]...
[INFO](1567999071.7899296)│  ├─ Registering [exit]...
[INFO](1567999071.7899296)│  ├─ Registering [fix_path]...
[INFO](1567999071.7899296)│  ├─ Registering [get]...
[INFO](1567999071.7899296)│  ├─ Registering [get_gui_list]...
[INFO](1567999071.7899296)│  ├─ Registering [goto]...
[INFO](1567999071.7899296)│  ├─ Registering [h]...
[INFO](1567999071.7899296)│  ├─ Registering [info]...
[INFO](1567999071.7909276)│  ├─ Registering [input]...
[INFO](1567999071.7909276)│  ├─ Registering [is_locked]...
[INFO](1567999071.7909276)│  ├─ Registering [load_config]...
[INFO](1567999071.7909276)│  ├─ Registering [load_data]...
[INFO](1567999071.7909276)│  ├─ Registering [load_dlc]...
[INFO](1567999071.7919247)│  ├─ Registering [load_file]...
[INFO](1567999071.7919247)│  ├─ Registering [load_from]...
[INFO](1567999071.7929220)│  ├─ Registering [load_mod]...
[INFO](1567999071.7949169)│  ├─ Registering [load_plugin]...
[INFO](1567999071.7949169)│  ├─ Registering [load_script]...
[INFO](1567999071.7949169)│  ├─ Registering [load_zip_file]...
[INFO](1567999071.7959144)│  ├─ Registering [lock]...
[INFO](1567999071.7959144)│  ├─ Registering [lock_passed]...
[INFO](1567999071.7959144)│  ├─ Registering [page]...
[INFO](1567999071.7969115)│  ├─ Registering [path2dot]...
[INFO](1567999071.7969115)│  ├─ Registering [progress]...
[INFO](1567999071.7969115)│  ├─ Registering [radio]...
[INFO](1567999071.7979088)│  ├─ Registering [rate]...
[INFO](1567999071.7979088)│  ├─ Registering [recv]...
[INFO](1567999071.7979088)│  ├─ Registering [register_api]...
[INFO](1567999071.7989061)│  ├─ Registering [repeat]...
[INFO](1567999071.7989061)│  ├─ Registering [save_data_to_file]...
[INFO](1567999071.7999043)│  ├─ Registering [save_file]...
[INFO](1567999071.7999043)│  ├─ Registering [save_to]...
[INFO](1567999071.7999043)│  ├─ Registering [save_zip_file]...
[INFO](1567999071.8009012)│  ├─ Registering [scan]...
[INFO](1567999071.8018980)│  ├─ Registering [scan_dlc]...
[INFO](1567999071.8018980)│  ├─ Registering [scan_mod]...
[INFO](1567999071.8018980)│  ├─ Registering [scan_plugin]...
[INFO](1567999071.8028953)│  ├─ Registering [scan_script]...
[INFO](1567999071.8038931)│  ├─ Registering [self_check]...
[INFO](1567999071.8048902)│  ├─ Registering [send]...
[INFO](1567999071.8048902)│  ├─ Registering [send_config]...
[INFO](1567999071.8048902)│  ├─ Registering [send_loaded]...
[INFO](1567999071.8058875)│  ├─ Registering [shake]...
[INFO](1567999071.8058875)│  ├─ Registering [t]...
[INFO](1567999071.8068857)│  ├─ Registering [title]...
[INFO](1567999071.8068857)│  ├─ Registering [unlock]...
[INFO](1567999071.8078821)│  ├─ Registering [unlock_forever]...
[INFO](1567999071.8079813)│  ├─ Registering [wait_for_unlock]...
[INFO](1567999071.8089814)│  ├─ Registering [warn]...
[INFO](1567999071.8089814)│  └─ 62 Native APIs Registered!
[INFO](1567999071.8089814)├─ Scanning Plugins...
[INFO](1567999071.8100021)│  ├─ Scanning [EraAchievement]...
[INFO](1567999071.8100021)│  ├─ Scanning [EraAct]...
[INFO](1567999071.8100021)│  ├─ Scanning [EraAI]...
[INFO](1567999071.8110027)│  ├─ Scanning [EraAvantar]...
[INFO](1567999071.8110027)│  ├─ Scanning [EraBattle]...
[INFO](1567999071.8110027)│  ├─ Scanning [EraCareer]...
[INFO](1567999071.8119979)│  ├─ Scanning [EraChaos]...
[INFO](1567999071.8119979)│  ├─ Scanning [EraConsole]...
[INFO](1567999071.8129935)│  ├─ Scanning [EraData]...
[INFO](1567999071.8139684)│  ├─ Scanning [EraDebug]...
[INFO](1567999071.8139684)│  ├─ Scanning [EraDynamic]...
[INFO](1567999071.8149652)│  ├─ Scanning [EraEmotion]...
[INFO](1567999071.8149652)│  ├─ Scanning [EraERB]...
[INFO](1567999071.8159626)│  ├─ Scanning [EraEstate]...
[INFO](1567999071.8159626)│  ├─ Scanning [EraEvent]...
[INFO](1567999071.8169594)│  ├─ Scanning [EraFestival]...
[INFO](1567999071.8169594)│  ├─ Scanning [EraGuanXi]...
[INFO](1567999071.8169594)│  ├─ Scanning [EraHistory]...
[INFO](1567999071.8179808)│  ├─ Scanning [EraIndoor]...
[INFO](1567999071.8179808)│  ├─ Scanning [EraItem]...
[INFO](1567999071.8179808)│  ├─ Scanning [EraKojo]...
[INFO](1567999071.8189781)│  ├─ Scanning [EraKojoGen]...
[INFO](1567999071.8189781)│  ├─ Scanning [EraLuck]...
[INFO](1567999071.8189781)│  ├─ Scanning [EraMap]...
[INFO](1567999071.8199749)│  ├─ Scanning [EraMarket]...
[INFO](1567999071.8199749)│  ├─ Scanning [EraNative]...
[INFO](1567999071.8199749)│  ├─ Scanning [EraNet]...
[INFO](1567999071.8209481)│  ├─ Scanning [EraRealtime]...
[INFO](1567999071.8209481)│  ├─ Scanning [EraSElement]...
[INFO](1567999071.8209481)│  ├─ Scanning [EraTern]...
[INFO](1567999071.8229437)│  ├─ Scanning [EraTextTemp]...
[INFO](1567999071.8249376)│  ├─ Scanning [EraTime]...
[INFO](1567999071.8249376)│  ├─ Scanning [EraUI]...
[INFO](1567999071.8269327)│  └─ 33 Plugins Scanned!
[INFO](1567999071.8269327)├─ Loading Plugins...
[INFO](1567999071.8269327)│  └─ 0 Plugins Loaded!
[INFO](1567999071.8279302)├─ Connecting Server...
[INFO](1567999071.8369060)│  └─ Connected!
[INFO](1567999071.9291937)├─ Transfering Configuration to Server...
[INFO](1567999071.9291937)├─ Loading Data Files...
[INFO](1567999071.9301879)│  ├─ Loading [data\姓名库.json]...
[INFO](1567999071.9321826)│  ├─ Loading [data\英文名库.json]...
[INFO](1567999071.9371688)│  └─ Data Files Loaded!
[INFO](1567999071.9371688)├─ Scanning Scripts...
[INFO](1567999071.9381657)│  ├─ Scanning [test]...
[INFO](1567999071.9391639)│  └─ 1 Scripts Scanned!
[INFO](1567999071.9391639)├─ Loading Scripts...
[INFO](1567999071.9401615)│  ├─ Loading [test]...
[INFO](1567999071.9411588)│  └─ 1 Scripts Loaded!
[INFO](1567999071.9411588)├─ Scanning DLCs...
[INFO](1567999071.9431529)│  └─ 0 DLCs Scanned!
[INFO](1567999071.9431529)├─ Loading DLCs...
[INFO](1567999071.9441495)│  └─ 0 DLCs Loaded!
[INFO](1567999071.9441495)├─ Scanning MODs...
[INFO](1567999071.9461453)│  └─ 0 MODs Scanned!
[INFO](1567999071.9461453)├─ Loading MODs...
[INFO](1567999071.9471421)│  └─ 0 MODs Loaded!
[INFO](1567999071.9481401)├─ Transferring Loading Complete Signal...
[INFO](1567999071.9491372)└─ Initialize Complete!
[DEBG](1567999071.9551210)GOTO: Append [cover] to [] & run
[DEBG](1567999073.2830126)GOTO: Append [initiate] to [cover] & run
[DEBG](1567999077.6018589)GOTO: Append [g_story] to [cover → initiate] & run
[DEBG](1567999091.4874613)GOTO: Append [g_main] to [cover → initiate → g_story] & run
